<html>
<head>
<title>TestNG:  com.isolace.sudoku.puzzle.test.PuzzleUtilTest</title>
<link href="../testng.css" rel="stylesheet" type="text/css" />
<link href="../my-testng.css" rel="stylesheet" type="text/css" />

<style type="text/css">
.log { display: none;} 
.stack-trace { display: none;} 
</style>
<script type="text/javascript">
<!--
function flip(e) {
  current = e.style.display;
  if (current == 'block') {
    e.style.display = 'none';
    return 0;
  }
  else {
    e.style.display = 'block';
    return 1;
  }
}

function toggleBox(szDivId, elem, msg1, msg2)
{
  var res = -1;  if (document.getElementById) {
    res = flip(document.getElementById(szDivId));
  }
  else if (document.all) {
    // this is the way old msie versions work
    res = flip(document.all[szDivId]);
  }
  if(elem) {
    if(res == 0) elem.innerHTML = msg1; else elem.innerHTML = msg2;
  }

}

function toggleAllBoxes() {
  if (document.getElementsByTagName) {
    d = document.getElementsByTagName('div');
    for (i = 0; i < d.length; i++) {
      if (d[i].className == 'log') {
        flip(d[i]);
      }
    }
  }
}

// -->
</script>

</head>
<body>
<h2 align='center'>com.isolace.sudoku.puzzle.test.PuzzleUtilTest</h2><table border='1' align="center">
<tr>
<td>Tests passed/Failed/Skipped:</td><td>34/0/0</td>
</tr><tr>
<td>Started on:</td><td>Sat Apr 25 16:54:16 PDT 2009</td>
</tr>
<tr><td>Total time:</td><td>0 seconds (161 ms)</td>
</tr><tr>
<td>Included groups:</td><td></td>
</tr><tr>
<td>Excluded groups:</td><td></td>
</tr>
</table><p/>
<small><i>(Hover the method name to see the test class name)</i></small><p/>
<table width='100%' border='1' class='invocation-passed'>
<tr><td colspan='3' align='center'><b>PASSED TESTS</b></td></tr>
<tr><td><b>Test method</b></td>
<td width="10%"><b>Time (seconds)</b></td>
<td width="30%"><b>Exception</b></td>
</tr>
<tr>
<td title='com.isolace.sudoku.puzzle.test.PuzzleUtilTest.testInCol0()'>testInCol0</td>
<td>0</td>
<td></td>
</tr>
<tr>
<td title='com.isolace.sudoku.puzzle.test.PuzzleUtilTest.testInCol4()'>testInCol4</td>
<td>0</td>
<td></td>
</tr>
<tr>
<td title='com.isolace.sudoku.puzzle.test.PuzzleUtilTest.testInCol8()'>testInCol8</td>
<td>0</td>
<td></td>
</tr>
<tr>
<td title='com.isolace.sudoku.puzzle.test.PuzzleUtilTest.testInGrid0()'>testInGrid0</td>
<td>0</td>
<td></td>
</tr>
<tr>
<td title='com.isolace.sudoku.puzzle.test.PuzzleUtilTest.testInGrid4()'>testInGrid4</td>
<td>0</td>
<td></td>
</tr>
<tr>
<td title='com.isolace.sudoku.puzzle.test.PuzzleUtilTest.testInGrid8()'>testInGrid8</td>
<td>0</td>
<td></td>
</tr>
<tr>
<td title='com.isolace.sudoku.puzzle.test.PuzzleUtilTest.testInRow0()'>testInRow0</td>
<td>0</td>
<td></td>
</tr>
<tr>
<td title='com.isolace.sudoku.puzzle.test.PuzzleUtilTest.testInRow4()'>testInRow4</td>
<td>0</td>
<td></td>
</tr>
<tr>
<td title='com.isolace.sudoku.puzzle.test.PuzzleUtilTest.testInRow8()'>testInRow8</td>
<td>0</td>
<td></td>
</tr>
<tr>
<td title='com.isolace.sudoku.puzzle.test.PuzzleUtilTest.testMatrixFromStringLengthException()'>testMatrixFromStringLengthException</td>
<td>0</td>
<td><div><pre>java.lang.ArrayIndexOutOfBoundsException: Solution length must be 81 but was 3
	at com.isolace.sudoku.puzzle.PuzzleUtil.solutionMatrixFromString(PuzzleUtil.java:99)
	at com.isolace.sudoku.puzzle.test.PuzzleUtilTest.testMatrixFromStringLengthException(PuzzleUtilTest.java:32)
... Removed 22 stack frames</pre></div><a href='#' onClick='toggleBox("stack-trace16714292", this, "Click to show all stack frames", "Click to hide stack frames")'>Click to show all stack frames</a>
<div class='stack-trace' id='stack-trace16714292'><pre>java.lang.ArrayIndexOutOfBoundsException: Solution length must be 81 but was 3
	at com.isolace.sudoku.puzzle.PuzzleUtil.solutionMatrixFromString(PuzzleUtil.java:99)
	at com.isolace.sudoku.puzzle.test.PuzzleUtilTest.testMatrixFromStringLengthException(PuzzleUtilTest.java:32)
	at sun.reflect.NativeMethodAccessorImpl.invoke0(Native Method)
	at sun.reflect.NativeMethodAccessorImpl.invoke(NativeMethodAccessorImpl.java:39)
	at sun.reflect.DelegatingMethodAccessorImpl.invoke(DelegatingMethodAccessorImpl.java:25)
	at java.lang.reflect.Method.invoke(Method.java:585)
	at org.testng.internal.MethodHelper.invokeMethod(MethodHelper.java:607)
	at org.testng.internal.Invoker.invokeMethod(Invoker.java:517)
	at org.testng.internal.Invoker.invokeTestMethod(Invoker.java:669)
	at org.testng.internal.Invoker.invokeTestMethods(Invoker.java:956)
	at org.testng.internal.TestMethodWorker.invokeTestMethods(TestMethodWorker.java:126)
	at org.testng.internal.TestMethodWorker.run(TestMethodWorker.java:110)
	at org.testng.TestRunner.runWorkers(TestRunner.java:759)
	at org.testng.TestRunner.privateRun(TestRunner.java:592)
	at org.testng.TestRunner.run(TestRunner.java:486)
	at org.testng.SuiteRunner.runTest(SuiteRunner.java:332)
	at org.testng.SuiteRunner.runSequentially(SuiteRunner.java:327)
	at org.testng.SuiteRunner.privateRun(SuiteRunner.java:299)
	at org.testng.SuiteRunner.run(SuiteRunner.java:204)
	at org.testng.TestNG.createAndRunSuiteRunners(TestNG.java:877)
	at org.testng.TestNG.runSuitesLocally(TestNG.java:842)
	at org.testng.TestNG.run(TestNG.java:751)
	at org.testng.remote.RemoteTestNG.run(RemoteTestNG.java:73)
	at org.testng.remote.RemoteTestNG.main(RemoteTestNG.java:124)
</pre></div></td>
</tr>
<tr>
<td title='com.isolace.sudoku.puzzle.test.PuzzleUtilTest.testMatrixFromStringNullPuzzle()'>testMatrixFromStringNullPuzzle</td>
<td>0</td>
<td><div><pre>java.lang.NullPointerException: Solution is null
	at com.isolace.sudoku.puzzle.PuzzleUtil.solutionMatrixFromString(PuzzleUtil.java:97)
	at com.isolace.sudoku.puzzle.test.PuzzleUtilTest.testMatrixFromStringNullPuzzle(PuzzleUtilTest.java:37)
... Removed 22 stack frames</pre></div><a href='#' onClick='toggleBox("stack-trace14226276", this, "Click to show all stack frames", "Click to hide stack frames")'>Click to show all stack frames</a>
<div class='stack-trace' id='stack-trace14226276'><pre>java.lang.NullPointerException: Solution is null
	at com.isolace.sudoku.puzzle.PuzzleUtil.solutionMatrixFromString(PuzzleUtil.java:97)
	at com.isolace.sudoku.puzzle.test.PuzzleUtilTest.testMatrixFromStringNullPuzzle(PuzzleUtilTest.java:37)
	at sun.reflect.NativeMethodAccessorImpl.invoke0(Native Method)
	at sun.reflect.NativeMethodAccessorImpl.invoke(NativeMethodAccessorImpl.java:39)
	at sun.reflect.DelegatingMethodAccessorImpl.invoke(DelegatingMethodAccessorImpl.java:25)
	at java.lang.reflect.Method.invoke(Method.java:585)
	at org.testng.internal.MethodHelper.invokeMethod(MethodHelper.java:607)
	at org.testng.internal.Invoker.invokeMethod(Invoker.java:517)
	at org.testng.internal.Invoker.invokeTestMethod(Invoker.java:669)
	at org.testng.internal.Invoker.invokeTestMethods(Invoker.java:956)
	at org.testng.internal.TestMethodWorker.invokeTestMethods(TestMethodWorker.java:126)
	at org.testng.internal.TestMethodWorker.run(TestMethodWorker.java:110)
	at org.testng.TestRunner.runWorkers(TestRunner.java:759)
	at org.testng.TestRunner.privateRun(TestRunner.java:592)
	at org.testng.TestRunner.run(TestRunner.java:486)
	at org.testng.SuiteRunner.runTest(SuiteRunner.java:332)
	at org.testng.SuiteRunner.runSequentially(SuiteRunner.java:327)
	at org.testng.SuiteRunner.privateRun(SuiteRunner.java:299)
	at org.testng.SuiteRunner.run(SuiteRunner.java:204)
	at org.testng.TestNG.createAndRunSuiteRunners(TestNG.java:877)
	at org.testng.TestNG.runSuitesLocally(TestNG.java:842)
	at org.testng.TestNG.run(TestNG.java:751)
	at org.testng.remote.RemoteTestNG.run(RemoteTestNG.java:73)
	at org.testng.remote.RemoteTestNG.main(RemoteTestNG.java:124)
</pre></div></td>
</tr>
<tr>
<td title='com.isolace.sudoku.puzzle.test.PuzzleUtilTest.testNotInCol0()'>testNotInCol0</td>
<td>0</td>
<td></td>
</tr>
<tr>
<td title='com.isolace.sudoku.puzzle.test.PuzzleUtilTest.testNotInCol4()'>testNotInCol4</td>
<td>0</td>
<td></td>
</tr>
<tr>
<td title='com.isolace.sudoku.puzzle.test.PuzzleUtilTest.testNotInCol8()'>testNotInCol8</td>
<td>0</td>
<td></td>
</tr>
<tr>
<td title='com.isolace.sudoku.puzzle.test.PuzzleUtilTest.testNotInGrid0()'>testNotInGrid0</td>
<td>0</td>
<td></td>
</tr>
<tr>
<td title='com.isolace.sudoku.puzzle.test.PuzzleUtilTest.testNotInGrid4()'>testNotInGrid4</td>
<td>0</td>
<td></td>
</tr>
<tr>
<td title='com.isolace.sudoku.puzzle.test.PuzzleUtilTest.testNotInGrid8()'>testNotInGrid8</td>
<td>0</td>
<td></td>
</tr>
<tr>
<td title='com.isolace.sudoku.puzzle.test.PuzzleUtilTest.testNotInRow0()'>testNotInRow0</td>
<td>0</td>
<td></td>
</tr>
<tr>
<td title='com.isolace.sudoku.puzzle.test.PuzzleUtilTest.testNotInRow4()'>testNotInRow4</td>
<td>0</td>
<td></td>
</tr>
<tr>
<td title='com.isolace.sudoku.puzzle.test.PuzzleUtilTest.testNotInRow8()'>testNotInRow8</td>
<td>0</td>
<td></td>
</tr>
<tr>
<td title='com.isolace.sudoku.puzzle.test.PuzzleUtilTest.testNotValidGuess40()'>testNotValidGuess40</td>
<td>0</td>
<td></td>
</tr>
<tr>
<td title='com.isolace.sudoku.puzzle.test.PuzzleUtilTest.testNotValidGuess62()'>testNotValidGuess62</td>
<td>0</td>
<td></td>
</tr>
<tr>
<td title='com.isolace.sudoku.puzzle.test.PuzzleUtilTest.testNotValidGuess9()'>testNotValidGuess9</td>
<td>0</td>
<td></td>
</tr>
<tr>
<td title='com.isolace.sudoku.puzzle.test.PuzzleUtilTest.testSolutionMatrixFromString()'>testSolutionMatrixFromString</td>
<td>0</td>
<td></td>
</tr>
<tr>
<td title='com.isolace.sudoku.puzzle.test.PuzzleUtilTest.testSolutionMatrixToString()'>testSolutionMatrixToString</td>
<td>0</td>
<td></td>
</tr>
<tr>
<td title='com.isolace.sudoku.puzzle.test.PuzzleUtilTest.testValidGuess42()'>testValidGuess42</td>
<td>0</td>
<td></td>
</tr>
<tr>
<td title='com.isolace.sudoku.puzzle.test.PuzzleUtilTest.testValidGuess62()'>testValidGuess62</td>
<td>0</td>
<td></td>
</tr>
<tr>
<td title='com.isolace.sudoku.puzzle.test.PuzzleUtilTest.testValidGuess9()'>testValidGuess9</td>
<td>0</td>
<td></td>
</tr>
<tr>
<td title='com.isolace.sudoku.puzzle.test.PuzzleUtilTest.testValidateNullSolutionMatrix()'>testValidateNullSolutionMatrix</td>
<td>0</td>
<td><div><pre>java.lang.NullPointerException: Solution is null
	at com.isolace.sudoku.puzzle.PuzzleUtil.validateSolutionMatrix(PuzzleUtil.java:180)
	at com.isolace.sudoku.puzzle.test.PuzzleUtilTest.testValidateNullSolutionMatrix(PuzzleUtilTest.java:48)
... Removed 22 stack frames</pre></div><a href='#' onClick='toggleBox("stack-trace5872987", this, "Click to show all stack frames", "Click to hide stack frames")'>Click to show all stack frames</a>
<div class='stack-trace' id='stack-trace5872987'><pre>java.lang.NullPointerException: Solution is null
	at com.isolace.sudoku.puzzle.PuzzleUtil.validateSolutionMatrix(PuzzleUtil.java:180)
	at com.isolace.sudoku.puzzle.test.PuzzleUtilTest.testValidateNullSolutionMatrix(PuzzleUtilTest.java:48)
	at sun.reflect.NativeMethodAccessorImpl.invoke0(Native Method)
	at sun.reflect.NativeMethodAccessorImpl.invoke(NativeMethodAccessorImpl.java:39)
	at sun.reflect.DelegatingMethodAccessorImpl.invoke(DelegatingMethodAccessorImpl.java:25)
	at java.lang.reflect.Method.invoke(Method.java:585)
	at org.testng.internal.MethodHelper.invokeMethod(MethodHelper.java:607)
	at org.testng.internal.Invoker.invokeMethod(Invoker.java:517)
	at org.testng.internal.Invoker.invokeTestMethod(Invoker.java:669)
	at org.testng.internal.Invoker.invokeTestMethods(Invoker.java:956)
	at org.testng.internal.TestMethodWorker.invokeTestMethods(TestMethodWorker.java:126)
	at org.testng.internal.TestMethodWorker.run(TestMethodWorker.java:110)
	at org.testng.TestRunner.runWorkers(TestRunner.java:759)
	at org.testng.TestRunner.privateRun(TestRunner.java:592)
	at org.testng.TestRunner.run(TestRunner.java:486)
	at org.testng.SuiteRunner.runTest(SuiteRunner.java:332)
	at org.testng.SuiteRunner.runSequentially(SuiteRunner.java:327)
	at org.testng.SuiteRunner.privateRun(SuiteRunner.java:299)
	at org.testng.SuiteRunner.run(SuiteRunner.java:204)
	at org.testng.TestNG.createAndRunSuiteRunners(TestNG.java:877)
	at org.testng.TestNG.runSuitesLocally(TestNG.java:842)
	at org.testng.TestNG.run(TestNG.java:751)
	at org.testng.remote.RemoteTestNG.run(RemoteTestNG.java:73)
	at org.testng.remote.RemoteTestNG.main(RemoteTestNG.java:124)
</pre></div></td>
</tr>
<tr>
<td title='com.isolace.sudoku.puzzle.test.PuzzleUtilTest.testValidatePuzzleNonUnique()'>testValidatePuzzleNonUnique</td>
<td>0</td>
<td><div><pre>java.lang.IllegalArgumentException: Row values must be unique, rowIndex=0 is not
	at com.isolace.sudoku.puzzle.PuzzleUtil.uniqueInRow(PuzzleUtil.java:203)
	at com.isolace.sudoku.puzzle.PuzzleUtil.validateSolutionMatrix(PuzzleUtil.java:186)
	at com.isolace.sudoku.puzzle.test.PuzzleUtilTest.testValidatePuzzleNonUnique(PuzzleUtilTest.java:55)
... Removed 22 stack frames</pre></div><a href='#' onClick='toggleBox("stack-trace11361606", this, "Click to show all stack frames", "Click to hide stack frames")'>Click to show all stack frames</a>
<div class='stack-trace' id='stack-trace11361606'><pre>java.lang.IllegalArgumentException: Row values must be unique, rowIndex=0 is not
	at com.isolace.sudoku.puzzle.PuzzleUtil.uniqueInRow(PuzzleUtil.java:203)
	at com.isolace.sudoku.puzzle.PuzzleUtil.validateSolutionMatrix(PuzzleUtil.java:186)
	at com.isolace.sudoku.puzzle.test.PuzzleUtilTest.testValidatePuzzleNonUnique(PuzzleUtilTest.java:55)
	at sun.reflect.NativeMethodAccessorImpl.invoke0(Native Method)
	at sun.reflect.NativeMethodAccessorImpl.invoke(NativeMethodAccessorImpl.java:39)
	at sun.reflect.DelegatingMethodAccessorImpl.invoke(DelegatingMethodAccessorImpl.java:25)
	at java.lang.reflect.Method.invoke(Method.java:585)
	at org.testng.internal.MethodHelper.invokeMethod(MethodHelper.java:607)
	at org.testng.internal.Invoker.invokeMethod(Invoker.java:517)
	at org.testng.internal.Invoker.invokeTestMethod(Invoker.java:669)
	at org.testng.internal.Invoker.invokeTestMethods(Invoker.java:956)
	at org.testng.internal.TestMethodWorker.invokeTestMethods(TestMethodWorker.java:126)
	at org.testng.internal.TestMethodWorker.run(TestMethodWorker.java:110)
	at org.testng.TestRunner.runWorkers(TestRunner.java:759)
	at org.testng.TestRunner.privateRun(TestRunner.java:592)
	at org.testng.TestRunner.run(TestRunner.java:486)
	at org.testng.SuiteRunner.runTest(SuiteRunner.java:332)
	at org.testng.SuiteRunner.runSequentially(SuiteRunner.java:327)
	at org.testng.SuiteRunner.privateRun(SuiteRunner.java:299)
	at org.testng.SuiteRunner.run(SuiteRunner.java:204)
	at org.testng.TestNG.createAndRunSuiteRunners(TestNG.java:877)
	at org.testng.TestNG.runSuitesLocally(TestNG.java:842)
	at org.testng.TestNG.run(TestNG.java:751)
	at org.testng.remote.RemoteTestNG.run(RemoteTestNG.java:73)
	at org.testng.remote.RemoteTestNG.main(RemoteTestNG.java:124)
</pre></div></td>
</tr>
<tr>
<td title='com.isolace.sudoku.puzzle.test.PuzzleUtilTest.testValidateSolution()'>testValidateSolution</td>
<td>0</td>
<td></td>
</tr>
<tr>
<td title='com.isolace.sudoku.puzzle.test.PuzzleUtilTest.testValidateSolutionMatrix()'>testValidateSolutionMatrix</td>
<td>0</td>
<td></td>
</tr>
<tr>
<td title='com.isolace.sudoku.puzzle.test.PuzzleUtilTest.testValidateSolutionNullProblem()'>testValidateSolutionNullProblem</td>
<td>0</td>
<td><div><pre>java.lang.NullPointerException: Solution is null
	at com.isolace.sudoku.puzzle.PuzzleUtil.validateSolution(PuzzleUtil.java:160)
	at com.isolace.sudoku.puzzle.test.PuzzleUtilTest.testValidateSolutionNullProblem(PuzzleUtilTest.java:70)
... Removed 22 stack frames</pre></div><a href='#' onClick='toggleBox("stack-trace4776507", this, "Click to show all stack frames", "Click to hide stack frames")'>Click to show all stack frames</a>
<div class='stack-trace' id='stack-trace4776507'><pre>java.lang.NullPointerException: Solution is null
	at com.isolace.sudoku.puzzle.PuzzleUtil.validateSolution(PuzzleUtil.java:160)
	at com.isolace.sudoku.puzzle.test.PuzzleUtilTest.testValidateSolutionNullProblem(PuzzleUtilTest.java:70)
	at sun.reflect.NativeMethodAccessorImpl.invoke0(Native Method)
	at sun.reflect.NativeMethodAccessorImpl.invoke(NativeMethodAccessorImpl.java:39)
	at sun.reflect.DelegatingMethodAccessorImpl.invoke(DelegatingMethodAccessorImpl.java:25)
	at java.lang.reflect.Method.invoke(Method.java:585)
	at org.testng.internal.MethodHelper.invokeMethod(MethodHelper.java:607)
	at org.testng.internal.Invoker.invokeMethod(Invoker.java:517)
	at org.testng.internal.Invoker.invokeTestMethod(Invoker.java:669)
	at org.testng.internal.Invoker.invokeTestMethods(Invoker.java:956)
	at org.testng.internal.TestMethodWorker.invokeTestMethods(TestMethodWorker.java:126)
	at org.testng.internal.TestMethodWorker.run(TestMethodWorker.java:110)
	at org.testng.TestRunner.runWorkers(TestRunner.java:759)
	at org.testng.TestRunner.privateRun(TestRunner.java:592)
	at org.testng.TestRunner.run(TestRunner.java:486)
	at org.testng.SuiteRunner.runTest(SuiteRunner.java:332)
	at org.testng.SuiteRunner.runSequentially(SuiteRunner.java:327)
	at org.testng.SuiteRunner.privateRun(SuiteRunner.java:299)
	at org.testng.SuiteRunner.run(SuiteRunner.java:204)
	at org.testng.TestNG.createAndRunSuiteRunners(TestNG.java:877)
	at org.testng.TestNG.runSuitesLocally(TestNG.java:842)
	at org.testng.TestNG.run(TestNG.java:751)
	at org.testng.remote.RemoteTestNG.run(RemoteTestNG.java:73)
	at org.testng.remote.RemoteTestNG.main(RemoteTestNG.java:124)
</pre></div></td>
</tr>
<tr>
<td title='com.isolace.sudoku.puzzle.test.PuzzleUtilTest.testValidateSolutionNullSolution()'>testValidateSolutionNullSolution</td>
<td>0</td>
<td><div><pre>java.lang.NullPointerException: Solution is null
	at com.isolace.sudoku.puzzle.PuzzleUtil.validateSolution(PuzzleUtil.java:158)
	at com.isolace.sudoku.puzzle.test.PuzzleUtilTest.testValidateSolutionNullSolution(PuzzleUtilTest.java:65)
... Removed 22 stack frames</pre></div><a href='#' onClick='toggleBox("stack-trace15410291", this, "Click to show all stack frames", "Click to hide stack frames")'>Click to show all stack frames</a>
<div class='stack-trace' id='stack-trace15410291'><pre>java.lang.NullPointerException: Solution is null
	at com.isolace.sudoku.puzzle.PuzzleUtil.validateSolution(PuzzleUtil.java:158)
	at com.isolace.sudoku.puzzle.test.PuzzleUtilTest.testValidateSolutionNullSolution(PuzzleUtilTest.java:65)
	at sun.reflect.NativeMethodAccessorImpl.invoke0(Native Method)
	at sun.reflect.NativeMethodAccessorImpl.invoke(NativeMethodAccessorImpl.java:39)
	at sun.reflect.DelegatingMethodAccessorImpl.invoke(DelegatingMethodAccessorImpl.java:25)
	at java.lang.reflect.Method.invoke(Method.java:585)
	at org.testng.internal.MethodHelper.invokeMethod(MethodHelper.java:607)
	at org.testng.internal.Invoker.invokeMethod(Invoker.java:517)
	at org.testng.internal.Invoker.invokeTestMethod(Invoker.java:669)
	at org.testng.internal.Invoker.invokeTestMethods(Invoker.java:956)
	at org.testng.internal.TestMethodWorker.invokeTestMethods(TestMethodWorker.java:126)
	at org.testng.internal.TestMethodWorker.run(TestMethodWorker.java:110)
	at org.testng.TestRunner.runWorkers(TestRunner.java:759)
	at org.testng.TestRunner.privateRun(TestRunner.java:592)
	at org.testng.TestRunner.run(TestRunner.java:486)
	at org.testng.SuiteRunner.runTest(SuiteRunner.java:332)
	at org.testng.SuiteRunner.runSequentially(SuiteRunner.java:327)
	at org.testng.SuiteRunner.privateRun(SuiteRunner.java:299)
	at org.testng.SuiteRunner.run(SuiteRunner.java:204)
	at org.testng.TestNG.createAndRunSuiteRunners(TestNG.java:877)
	at org.testng.TestNG.runSuitesLocally(TestNG.java:842)
	at org.testng.TestNG.run(TestNG.java:751)
	at org.testng.remote.RemoteTestNG.run(RemoteTestNG.java:73)
	at org.testng.remote.RemoteTestNG.main(RemoteTestNG.java:124)
</pre></div></td>
</tr>
</table><p>
</body>
</html>